Log Entry : 2014年12月02日 12:33:25
方法:System.Web.Mvc.ViewEngineResult FindView(System.Web.Mvc.ControllerContext),异常信息:未找到视图“prompt”或其母版视图，或没有视图引擎支持搜索的位置。搜索了以下位置: 
~/themes/default/views/prompt.cshtml
------------------------------------
Log Entry : 2014年12月02日 12:55:54
方法:System.Web.Mvc.ViewEngineResult FindView(System.Web.Mvc.ControllerContext),异常信息:未找到视图“snsp”或其母版视图，或没有视图引擎支持搜索的位置。搜索了以下位置: 
~/views/cart/snsp.cshtml
~/views/shared/snsp.cshtml
------------------------------------
Log Entry : 2014年12月02日 12:56:42
方法:System.Web.Mvc.ViewEngineResult FindView(System.Web.Mvc.ControllerContext),异常信息:未找到视图“snsp”或其母版视图，或没有视图引擎支持搜索的位置。搜索了以下位置: 
~/views/cart/snsp.cshtml
~/views/shared/snsp.cshtml
------------------------------------
Log Entry : 2014年12月02日 12:57:44
方法:System.Web.Mvc.ViewEngineResult FindView(System.Web.Mvc.ControllerContext),异常信息:未找到视图“snsp”或其母版视图，或没有视图引擎支持搜索的位置。搜索了以下位置: 
~/views/cart/snsp.cshtml
~/views/shared/snsp.cshtml
------------------------------------
Log Entry : 2014年12月02日 13:01:26
方法:System.Web.Mvc.ViewEngineResult FindView(System.Web.Mvc.ControllerContext),异常信息:未找到视图“snsp”或其母版视图，或没有视图引擎支持搜索的位置。搜索了以下位置: 
~/views/cart/snsp.cshtml
~/views/shared/snsp.cshtml
------------------------------------
Log Entry : 2014年12月02日 13:02:00
方法:System.Web.Mvc.ViewEngineResult FindView(System.Web.Mvc.ControllerContext),异常信息:未找到视图“snsp”或其母版视图，或没有视图引擎支持搜索的位置。搜索了以下位置: 
~/views/cart/snsp.cshtml
~/views/shared/snsp.cshtml
------------------------------------
