Log Entry : 2015年01月05日 11:25:44
方法:Int32 SumOrderProductCount(System.Collections.Generic.List`1[BrnMall.Core.OrderProductInfo]),异常信息:未将对象引用设置到对象的实例。
------------------------------------
Log Entry : 2015年01月05日 11:27:45
方法:Int32 SumOrderProductCount(System.Collections.Generic.List`1[BrnMall.Core.OrderProductInfo]),异常信息:未将对象引用设置到对象的实例。
------------------------------------
Log Entry : 2015年01月05日 11:27:58
方法:Int32 SumOrderProductCount(System.Collections.Generic.List`1[BrnMall.Core.OrderProductInfo]),异常信息:未将对象引用设置到对象的实例。
------------------------------------
Log Entry : 2015年01月05日 11:32:56
方法:Int32 SumOrderProductCount(System.Collections.Generic.List`1[BrnMall.Core.OrderProductInfo]),异常信息:未将对象引用设置到对象的实例。
------------------------------------
Log Entry : 2015年01月05日 14:03:07
方法:System.Collections.Generic.List`1[BrnMall.Core.CartItemInfo] TidyStoreOrderProductList(System.String[], System.Collections.Generic.List`1[BrnMall.Core.OrderProductInfo], System.Collections.Generic.List`1[BrnMall.Core.OrderProductInfo] ByRef, System.Collections.Generic.List`1[BrnMall.Core.OrderProductInfo] ByRef),异常信息:尝试除以零。
------------------------------------
Log Entry : 2015年01月05日 14:51:47
方法:System.CodeDom.Compiler.CompilerResults Compile(),异常信息:c:\Users\ZhangMeng\Desktop\工作\BrnMall\Presentation\BrnMall.Web\views\cart\snap.cshtml(33): error CS0103: 当前上下文中不存在名称“cartProductInfo”
------------------------------------
Log Entry : 2015年01月05日 16:39:34
方法:Void Sort(T[], Int32, Int32, System.Collections.Generic.IComparer`1[T]),异常信息:未能比较数组中的两个元素。
------------------------------------
